INFO:root:start to get udp tunnel config...
INFO:root:start to get udp tunnel config...
INFO:root:start to get udp tunnel config...
INFO:root:start to get udp tunnel config...
INFO:root:start to get udp tunnel config...
INFO:root:start to get udp tunnel config...
INFO:root:start to get udp tunnel config...
INFO:root:UDP tunnel port is: 4567
INFO:root:start to create udp tunnel(send first packet to udp tunnel port..)
INFO:__mp_main__:UDP connection build successfully
INFO:root:start to get udp tunnel config...
INFO:root:start to get udp tunnel config...
INFO:root:start to get udp tunnel config...
INFO:root:start tINFO:__mp_main__:UDP connectINFO:root:start to get udp tunnel config...
INFO:root:UDP tunnel port is: 4567
INFO:root:start to create udp tunnel(send first packet to udp tunnel port..)
INFO:root:UDP tunnel port is: 4INFO:__mp_main__:UDP connection build successfully
INFO:root:UDP tunnel port is: 4567
INFO:root:start to create udp tunnel(send first packet to udp tunnel port..)
INFO:root:UDP tunnel port is: 4567
INFO:root:start to create udp tunnel(send first packet to udp tunnel port..)
INFO:root:start to get udp tunnel config...
INFO:root:start to get udp tunnel config...
INFO:root:start to get udp tunnel config...
INFO:__mp_main__:UDP connection build successfully
INFO:__mp_main__:UDP connection build successfully
INFO:root:UDP tunnel port is: 4567
INFO:root:start to create udp tunnel(send first packet to udp tunnel port..)
INFO:root:UDP tunnel port is: 4567
INFO:root:start to create udp tunnel(send first packet to udp tunnel port..)
INFO:root:UDP tunnel port is: 4567
INFO:root:start to create udp tunnel(send first packet to udp tunnel port..)
INFO:root:UDP tunnel port is: 4567
INFO:root:start to create udp tunnel(send first packet to udp tunnel port..)
INFO:__mp_main__:UDP connection build successfully
INFO:__mp_main__:UDP connection build successfully
INFO:__mp_main__:UDP connection build successfully
INFO:__mp_main__:UDP connection build successfully
INFO:root:UDP tunnel port is: 4567
INFO:root:start to create udp tunnel(send first packet to udp tunnel port..)
INFO:root:UDP tunnel port is: 4567
INFO:root:start to create udp tunnel(send first packet to udp tunnel port..)
INFO:root:UDP tunnel port is: 4567
INFO:root:start to create udp tunnel(send first packet to udp tunnel port..)
INFO:__mp_main__:UDP connection build successfully
INFO:__mp_main__:UDP connection build successfully
INFO:__mp_main__:UDP connection build successfully
rst packet to udp tunnel port..)
INFO:root:UDP tunnel port is: 4567
INFO:root:start to create udp tunnel(send first packet to udp tunnel port..)
INFO:root:UDP tunnel port is: 4567
INFO:root:start to create udp tunnel(send first packet to udp tunnel port..)
INFO:root:UDP tunnel port is: 4567
INFO:root:start to create udp tunnel(send first packet to udp tunnel port..)
INFO:__mp_main__:UDP connection build successfully
INFO:__mp_main__:UDP connection build successfully
INFO:__mp_main__:UDP connection build successfully
INFO:__mp_main__:UDP connection build successfully
INFO:__mp_main__:UDP connection build successfully
INFO:__mp_main__:UDP connection build successfully
INFO:__mp_main__:UDP connection build successfully
INFO:__mp_main__:UDP connection build successfully
INFO:__mp_main__:UDP connection build successfully
